* installing *source* package ‘PruferConcept’ ...
** this is package ‘PruferConcept’ version ‘0.1.0’
** using staged installation
** libs
using C++ compiler: ‘Apple clang version 21.0.0 (clang-2100.0.123.102)’
using SDK: ‘MacOSX26.4.sdk’
clang++ -arch arm64 -std=gnu++17 -I"/Library/Frameworks/R.framework/Resources/include" -DNDEBUG  -I'/Library/Frameworks/R.framework/Versions/4.5-arm64/Resources/library/Rcpp/include' -I/opt/R/arm64/include    -fPIC  -falign-functions=64 -Wall -g -O2   -c RcppExports.cpp -o RcppExports.o
In file included from RcppExports.cpp:4:
In file included from /Library/Frameworks/R.framework/Versions/4.5-arm64/Resources/library/Rcpp/include/Rcpp.h:27:
In file included from /Library/Frameworks/R.framework/Versions/4.5-arm64/Resources/library/Rcpp/include/RcppCommon.h:30:
In file included from /Library/Frameworks/R.framework/Versions/4.5-arm64/Resources/library/Rcpp/include/Rcpp/r/headers.h:71:
In file included from /Library/Frameworks/R.framework/Resources/include/R.h:70:
/Library/Frameworks/R.framework/Resources/include/R_ext/Boolean.h:62:36: warning: unknown warning group '-Wfixed-enum-extension', ignored [-Wunknown-warning-option]
   62 | #  pragma clang diagnostic ignored "-Wfixed-enum-extension"
      |                                    ^
1 warning generated.
clang++ -arch arm64 -std=gnu++17 -I"/Library/Frameworks/R.framework/Resources/include" -DNDEBUG  -I'/Library/Frameworks/R.framework/Versions/4.5-arm64/Resources/library/Rcpp/include' -I/opt/R/arm64/include    -fPIC  -falign-functions=64 -Wall -g -O2   -c forest_rcpp.cpp -o forest_rcpp.o
In file included from forest_rcpp.cpp:1:
In file included from /Library/Frameworks/R.framework/Versions/4.5-arm64/Resources/library/Rcpp/include/Rcpp.h:27:
In file included from /Library/Frameworks/R.framework/Versions/4.5-arm64/Resources/library/Rcpp/include/RcppCommon.h:30:
In file included from /Library/Frameworks/R.framework/Versions/4.5-arm64/Resources/library/Rcpp/include/Rcpp/r/headers.h:71:
In file included from /Library/Frameworks/R.framework/Resources/include/R.h:70:
/Library/Frameworks/R.framework/Resources/include/R_ext/Boolean.h:62:36: warning: unknown warning group '-Wfixed-enum-extension', ignored [-Wunknown-warning-option]
   62 | #  pragma clang diagnostic ignored "-Wfixed-enum-extension"
      |                                    ^
forest_rcpp.cpp:364:7: warning: unused variable 'N' [-Wunused-variable]
  364 |   int N = collapsed_nodes;
      |       ^
2 warnings generated.
clang++ -arch arm64 -std=gnu++17 -dynamiclib -Wl,-headerpad_max_install_names -undefined dynamic_lookup -L/Library/Frameworks/R.framework/Resources/lib -L/opt/R/arm64/lib -o PruferConcept.so RcppExports.o forest_rcpp.o -F/Library/Frameworks/R.framework/.. -framework R
installing to /Users/lshmh32/Documents/gitpackages/PruferConcept/PruferConcept.Rcheck/00LOCK-PruferConcept/00new/PruferConcept/libs
** R
** byte-compile and prepare package for lazy loading
** help
*** installing help indices
** building package indices
** testing if installed package can be loaded from temporary location
** checking absolute paths in shared objects and dynamic libraries
** testing if installed package can be loaded from final location
** testing if installed package keeps a record of temporary installation path
* DONE (PruferConcept)
